# JRE version: OpenJDK Runtime Environment (23.0.2+7) (build 23.0.2+7-58)
# Java VM: OpenJDK 64-Bit Server VM (23.0.2+7-58, mixed mode, sharing, tiered, compressed oops, compressed class ptrs, g1 gc, linux-amd64)
GC Precious Log:
 CardTable entry size: 512
 Card Set container configuration: InlinePtr #cards 5 size 8 Array Of Cards #cards 10 size 36 Howl #buckets 4 coarsen threshold 1843 Howl Bitmap #cards 512 size 80 coarsen threshold 460 Card regions per heap region 1 cards per card region 2048
 CPUs: 4 total, 4 available
 Memory: 7803M
 Large Page Support: Disabled
 NUMA Support: Disabled
 Compressed Oops: Enabled (32-bit)
 Heap Region Size: 1M
 Heap Min Capacity: 8M
 Heap Initial Capacity: 122M
 Heap Max Capacity: 1952M
 Pre-touch: Disabled
 Parallel Workers: 4
 Concurrent Workers: 1
 Concurrent Refinement Workers: 4
 Periodic GC: Disabled
Heap:
 garbage-first heap   total reserved 1998848K, committed 68608K, used 47124K [0x0000000086000000, 0x0000000100000000)
  region size 1024K, 12 young (12288K), 1 survivors (1024K)
 Metaspace       used 28625K, committed 29056K, reserved 1114112K
  class space    used 3906K, committed 4096K, reserved 1048576K
GC Heap History (18 events):
Event: 1.074 GC heap before
{Heap before GC invocations=0 (full 0):
 garbage-first heap   total reserved 1998848K, committed 126976K, used 15481K [0x0000000086000000, 0x0000000100000000)
  region size 1024K, 14 young (14336K), 0 survivors (0K)
 Metaspace       used 2411K, committed 2624K, reserved 1114112K
  class space    used 251K, committed 384K, reserved 1048576K
}
Event: 1.077 GC heap after
{Heap after GC invocations=1 (full 0):
 garbage-first heap   total reserved 1998848K, committed 126976K, used 2631K [0x0000000086000000, 0x0000000100000000)
  region size 1024K, 2 young (2048K), 2 survivors (2048K)
 Metaspace       used 2411K, committed 2624K, reserved 1114112K
  class space    used 251K, committed 384K, reserved 1048576K
}
Event: 2.133 GC heap before
{Heap before GC invocations=1 (full 0):
 garbage-first heap   total reserved 1998848K, committed 126976K, used 15943K [0x0000000086000000, 0x0000000100000000)
  region size 1024K, 16 young (16384K), 2 survivors (2048K)
 Metaspace       used 7463K, committed 7744K, reserved 1114112K
  class space    used 832K, committed 960K, reserved 1048576K
}
Event: 2.141 GC heap after
{Heap after GC invocations=2 (full 0):
 garbage-first heap   total reserved 1998848K, committed 126976K, used 5693K [0x0000000086000000, 0x0000000100000000)
  region size 1024K, 2 young (2048K), 2 survivors (2048K)
 Metaspace       used 7463K, committed 7744K, reserved 1114112K
  class space    used 832K, committed 960K, reserved 1048576K
}
Event: 3.187 GC heap before
{Heap before GC invocations=2 (full 0):
 garbage-first heap   total reserved 1998848K, committed 126976K, used 34365K [0x0000000086000000, 0x0000000100000000)
  region size 1024K, 31 young (31744K), 2 survivors (2048K)
 Metaspace       used 14609K, committed 14912K, reserved 1114112K
  class space    used 1920K, committed 2048K, reserved 1048576K
}
Event: 3.193 GC heap after
{Heap after GC invocations=3 (full 0):
 garbage-first heap   total reserved 1998848K, committed 126976K, used 9337K [0x0000000086000000, 0x0000000100000000)
  region size 1024K, 4 young (4096K), 4 survivors (4096K)
 Metaspace       used 14609K, committed 14912K, reserved 1114112K
  class space    used 1920K, committed 2048K, reserved 1048576K
}
Event: 4.740 GC heap before
{Heap before GC invocations=3 (full 0):
 garbage-first heap   total reserved 1998848K, committed 126976K, used 44153K [0x0000000086000000, 0x0000000100000000)
  region size 1024K, 38 young (38912K), 4 survivors (4096K)
 Metaspace       used 21148K, committed 21504K, reserved 1114112K
  class space    used 2882K, committed 3072K, reserved 1048576K
}
Event: 4.756 GC heap after
{Heap after GC invocations=4 (full 0):
 garbage-first heap   total reserved 1998848K, committed 126976K, used 18830K [0x0000000086000000, 0x0000000100000000)
  region size 1024K, 5 young (5120K), 5 survivors (5120K)
 Metaspace       used 21148K, committed 21504K, reserved 1114112K
  class space    used 2882K, committed 3072K, reserved 1048576K
}
Event: 10.075 GC heap before
{Heap before GC invocations=5 (full 0):
 garbage-first heap   total reserved 1998848K, committed 68608K, used 37262K [0x0000000086000000, 0x0000000100000000)
  region size 1024K, 23 young (23552K), 5 survivors (5120K)
 Metaspace       used 23266K, committed 23744K, reserved 1114112K
  class space    used 3120K, committed 3328K, reserved 1048576K
}
Event: 10.102 GC heap after
{Heap after GC invocations=6 (full 0):
 garbage-first heap   total reserved 1998848K, committed 68608K, used 22146K [0x0000000086000000, 0x0000000100000000)
  region size 1024K, 3 young (3072K), 3 survivors (3072K)
 Metaspace       used 23266K, committed 23744K, reserved 1114112K
  class space    used 3120K, committed 3328K, reserved 1048576K
}
Event: 13.672 GC heap before
{Heap before GC invocations=6 (full 0):
 garbage-first heap   total reserved 1998848K, committed 68608K, used 47746K [0x0000000086000000, 0x0000000100000000)
  region size 1024K, 29 young (29696K), 3 survivors (3072K)
 Metaspace       used 27094K, committed 27520K, reserved 1114112K
  class space    used 3766K, committed 3968K, reserved 1048576K
}
Event: 13.684 GC heap after
{Heap after GC invocations=7 (full 0):
 garbage-first heap   total reserved 1998848K, committed 68608K, used 24272K [0x0000000086000000, 0x0000000100000000)
  region size 1024K, 4 young (4096K), 4 survivors (4096K)
 Metaspace       used 27094K, committed 27520K, reserved 1114112K
  class space    used 3766K, committed 3968K, reserved 1048576K
}
Event: 16.194 GC heap before
{Heap before GC invocations=7 (full 0):
 garbage-first heap   total reserved 1998848K, committed 68608K, used 50896K [0x0000000086000000, 0x0000000100000000)
  region size 1024K, 31 young (31744K), 4 survivors (4096K)
 Metaspace       used 27872K, committed 28352K, reserved 1114112K
  class space    used 3847K, committed 4096K, reserved 1048576K
}
Event: 16.228 GC heap after
{Heap after GC invocations=8 (full 0):
 garbage-first heap   total reserved 1998848K, committed 68608K, used 32207K [0x0000000086000000, 0x0000000100000000)
  region size 1024K, 4 young (4096K), 4 survivors (4096K)
 Metaspace       used 27872K, committed 28352K, reserved 1114112K
  class space    used 3847K, committed 4096K, reserved 1048576K
}
Event: 22.093 GC heap before
{Heap before GC invocations=8 (full 0):
 garbage-first heap   total reserved 1998848K, committed 68608K, used 54735K [0x0000000086000000, 0x0000000100000000)
  region size 1024K, 25 young (25600K), 4 survivors (4096K)
 Metaspace       used 28099K, committed 28544K, reserved 1114112K
  class space    used 3859K, committed 4096K, reserved 1048576K
}
Event: 22.104 GC heap after
{Heap after GC invocations=9 (full 0):
 garbage-first heap   total reserved 1998848K, committed 68608K, used 36649K [0x0000000086000000, 0x0000000100000000)
  region size 1024K, 3 young (3072K), 3 survivors (3072K)
 Metaspace       used 28099K, committed 28544K, reserved 1114112K
  class space    used 3859K, committed 4096K, reserved 1048576K
}
Event: 36.857 GC heap before
{Heap before GC invocations=9 (full 0):
 garbage-first heap   total reserved 1998848K, committed 68608K, used 56105K [0x0000000086000000, 0x0000000100000000)
  region size 1024K, 22 young (22528K), 3 survivors (3072K)
 Metaspace       used 28415K, committed 28864K, reserved 1114112K
  class space    used 3884K, committed 4096K, reserved 1048576K
}
Event: 36.873 GC heap after
{Heap after GC invocations=10 (full 0):
 garbage-first heap   total reserved 1998848K, committed 68608K, used 36884K [0x0000000086000000, 0x0000000100000000)
  region size 1024K, 1 young (1024K), 1 survivors (1024K)
 Metaspace       used 28415K, committed 28864K, reserved 1114112K
  class space    used 3884K, committed 4096K, reserved 1048576K
}

